<?xml version="1.0" encoding="UTF-8"?>
<testng-results ignored="0" total="1" passed="1" failed="0" skipped="0">
  <reporter-output>
  </reporter-output>
  <suite started-at="2024-07-29T11:00:24 IST" name="Suite" finished-at="2024-07-29T11:00:28 IST" duration-ms="3427">
    <groups>
    </groups>
    <test started-at="2024-07-29T11:00:24 IST" name="Test" finished-at="2024-07-29T11:00:28 IST" duration-ms="3427">
      <class name="package1.webLaunch">
        <test-method signature="launched()[pri:0, instance:package1.webLaunch@37654521]" started-at="2024-07-29T11:00:24 IST" name="launched" finished-at="2024-07-29T11:00:28 IST" duration-ms="3386" status="PASS">
          <reporter-output>
          </reporter-output>
        </test-method> <!-- launched -->
      </class> <!-- package1.webLaunch -->
    </test> <!-- Test -->
  </suite> <!-- Suite -->
</testng-results>
